<?xml version="1.0" encoding="UTF-8"?>
<testng-results ignored="0" total="1" passed="1" failed="0" skipped="0">
  <reporter-output>
  </reporter-output>
  <suite started-at="2021-06-11T11:41:25 IST" name="Suite" finished-at="2021-06-11T11:41:25 IST" duration-ms="27">
    <groups>
    </groups>
    <test started-at="2021-06-11T11:41:25 IST" name="Test" finished-at="2021-06-11T11:41:25 IST" duration-ms="27">
      <class name="newmaven.test1">
        <test-method signature="test()[pri:0, instance:newmaven.test1@38102d01]" started-at="2021-06-11T11:41:25 IST" name="test" finished-at="2021-06-11T11:41:25 IST" duration-ms="5" status="PASS">
          <reporter-output>
          </reporter-output>
        </test-method> <!-- test -->
      </class> <!-- newmaven.test1 -->
    </test> <!-- Test -->
  </suite> <!-- Suite -->
</testng-results>
